<?xml version="1.0" encoding="UTF-8"?>
<!-- Generated by org.testng.reporters.JUnitReportReporter -->
<testsuite skipped="0" hostname="ABC" name="testscripts.NaveenAutomationLabsAssessment1" tests="1" failures="0" timestamp="06 Apr 2019 13:17:52 GMT" time="79.352" errors="0">
  <testcase name="Assessment_TC" time="79.352" classname="testscripts.NaveenAutomationLabsAssessment1"/>
</testsuite> <!-- testscripts.NaveenAutomationLabsAssessment1 -->
